2020-01-02 14:51:14,874 - SupplierManagementtest - WARNING - 未传入参数
2020-01-02 14:51:14,875 - SupplierManagementtest - INFO - 开始查询参数列表的正常测试测试
2020-01-02 14:51:14,875 - SupplierManagementtest - INFO - 测试接口: http://106.74.152.35:13249/1/srm/config_list
2020-01-02 14:51:14,965 - SupplierManagementtest - INFO - 测试通过: 用例编号1; 返回码：200
2020-01-02 14:51:14,965 - SupplierManagementtest - ERROR - 测试未通过: 用例编号1; 返回参数：{'code': 200, 'msg': '', 'data': {'3': [{'90': '1'}, {'227': '3'}]}}, 预期结果: {'1': [{'84': '集团内'}, {'107': '集团外'}], '2': [{'89': '电子元件'}, {'139': '木制品'}], '3': [{'90': '1'}, {'226': '2'}, {'227': '3'}]}
2020-01-02 14:51:14,966 - SupplierManagementtest - INFO - ---------------------本条用例执行结束---------------------
2020-01-02 14:51:14,987 - SupplierManagementtest - INFO - 开始参数保存测试
2020-01-02 14:51:14,987 - SupplierManagementtest - INFO - 测试接口: http://106.74.152.35:13249/1/srm/config_save
2020-01-02 14:51:15,045 - SupplierManagementtest - INFO - 测试通过: 用例编号2; 返回码：200
2020-01-02 14:51:15,046 - SupplierManagementtest - INFO - 测试通过: 用例编号2; 返回参数：{'code': 200, 'msg': '', 'data': True}
2020-01-02 14:51:15,046 - SupplierManagementtest - INFO - ---------------------本条用例执行结束---------------------
2020-01-02 14:51:24,653 - SupplierManagementtest - WARNING - 未传入参数
2020-01-02 14:51:24,653 - SupplierManagementtest - INFO - 开始查询参数列表的正常测试测试
2020-01-02 14:51:24,654 - SupplierManagementtest - INFO - 测试接口: http://106.74.152.35:13249/1/srm/config_list
2020-01-02 14:51:24,727 - SupplierManagementtest - INFO - 测试通过: 用例编号1; 返回码：200
2020-01-02 14:51:24,728 - SupplierManagementtest - ERROR - 测试未通过: 用例编号1; 返回参数：{'code': 200, 'msg': '', 'data': {'3': [{'90': '1'}, {'227': '3'}]}}, 预期结果: {'1': [{'84': '集团内'}, {'107': '集团外'}], '2': [{'89': '电子元件'}, {'139': '木制品'}], '3': [{'90': '1'}, {'226': '2'}, {'227': '3'}]}
2020-01-02 14:51:24,728 - SupplierManagementtest - INFO - ------------------------本条用例执行结束------------------------
2020-01-02 14:51:24,750 - SupplierManagementtest - INFO - 开始参数保存测试
2020-01-02 14:51:24,750 - SupplierManagementtest - INFO - 测试接口: http://106.74.152.35:13249/1/srm/config_save
2020-01-02 14:51:24,802 - SupplierManagementtest - INFO - 测试通过: 用例编号2; 返回码：200
2020-01-02 14:51:24,802 - SupplierManagementtest - INFO - 测试通过: 用例编号2; 返回参数：{'code': 200, 'msg': '', 'data': True}
2020-01-02 14:51:24,802 - SupplierManagementtest - INFO - ------------------------本条用例执行结束------------------------
2020-01-02 15:07:03,373 - SupplierManagementtest - INFO - doooo
2020-01-02 15:07:05,911 - SupplierManagementtest - INFO - doooo
2020-01-02 15:07:07,314 - SupplierManagementtest - INFO - doooo
2020-01-02 15:24:43,447 - SupplierManagement - WARNING - 未传入参数
2020-01-02 15:24:43,447 - SupplierManagement - INFO - 开始查询参数列表的正常测试测试
2020-01-02 15:24:43,447 - SupplierManagement - INFO - 测试接口: http://106.74.152.35:13249/1/srm/config_list
2020-01-02 15:24:43,537 - SupplierManagement - INFO - 测试通过: 用例编号1; 返回码：200
2020-01-02 15:24:43,537 - SupplierManagement - ERROR - 测试未通过: 用例编号1; 返回参数：{'code': 200, 'msg': '', 'data': {'3': [{'90': '1'}, {'227': '3'}]}}, 预期结果: {'1': [{'84': '集团内'}, {'107': '集团外'}], '2': [{'89': '电子元件'}, {'139': '木制品'}], '3': [{'90': '1'}, {'226': '2'}, {'227': '3'}]}
2020-01-02 15:24:43,537 - SupplierManagement - INFO - ------------------------本条用例执行结束------------------------
2020-01-02 15:24:43,560 - SupplierManagement - INFO - 开始参数保存测试
2020-01-02 15:24:43,560 - SupplierManagement - INFO - 测试接口: http://106.74.152.35:13249/1/srm/config_save
2020-01-02 15:24:43,627 - SupplierManagement - INFO - 测试通过: 用例编号2; 返回码：200
2020-01-02 15:24:43,627 - SupplierManagement - INFO - 测试通过: 用例编号2; 返回参数：{'code': 200, 'msg': '', 'data': True}
2020-01-02 15:24:43,627 - SupplierManagement - INFO - ------------------------本条用例执行结束------------------------
2020-01-02 15:24:43,629 - SupplierManagement - ERROR - ["测试未通过: 用例编号1; 返回参数：{'code': 200, 'msg': '', 'data': {'3': [{'90': '1'}, {'227': '3'}]}}, 预期结果: {'1': [{'84': '集团内'}, {'107': '集团外'}], '2': [{'89': '电子元件'}, {'139': '木制品'}], '3': [{'90': '1'}, {'226': '2'}, {'227': '3'}]}"]
2020-01-02 15:26:43,174 - SupplierManagement - WARNING - 未传入参数
2020-01-02 15:26:43,174 - SupplierManagement - INFO - 开始查询参数列表的正常测试测试
2020-01-02 15:26:43,174 - SupplierManagement - INFO - 测试接口: http://106.74.152.35:13249/1/srm/config_list
2020-01-02 15:26:43,266 - SupplierManagement - INFO - 测试通过: 用例编号1; 返回码：200
2020-01-02 15:26:43,266 - SupplierManagement - ERROR - 测试未通过: 用例编号1; 返回参数：{'code': 200, 'msg': '', 'data': {'3': [{'90': '1'}, {'227': '3'}]}}, 预期结果: {'1': [{'84': '集团内'}, {'107': '集团外'}], '2': [{'89': '电子元件'}, {'139': '木制品'}], '3': [{'90': '1'}, {'226': '2'}, {'227': '3'}]}
2020-01-02 15:26:43,267 - SupplierManagement - INFO - ------------------------本条用例执行结束------------------------
2020-01-02 15:26:43,288 - SupplierManagement - INFO - 开始参数保存测试
2020-01-02 15:26:43,288 - SupplierManagement - INFO - 测试接口: http://106.74.152.35:13249/1/srm/config_save
2020-01-02 15:26:43,347 - SupplierManagement - INFO - 测试通过: 用例编号2; 返回码：200
2020-01-02 15:26:43,347 - SupplierManagement - INFO - 测试通过: 用例编号2; 返回参数：{'code': 200, 'msg': '', 'data': True}
2020-01-02 15:26:43,347 - SupplierManagement - INFO - ------------------------本条用例执行结束------------------------
2020-01-02 15:26:43,349 - SupplierManagement - ERROR - ["测试未通过: 用例编号1; 返回参数：{'code': 200, 'msg': '', 'data': {'3': [{'90': '1'}, {'227': '3'}]}}, 预期结果: {'1': [{'84': '集团内'}, {'107': '集团外'}], '2': [{'89': '电子元件'}, {'139': '木制品'}], '3': [{'90': '1'}, {'226': '2'}, {'227': '3'}]}"]
2020-01-02 15:28:59,750 - SupplierManagement - WARNING - 未传入参数
2020-01-02 15:28:59,750 - SupplierManagement - INFO - 开始查询参数列表的正常测试测试
2020-01-02 15:28:59,750 - SupplierManagement - INFO - 测试接口: http://106.74.152.35:13249/1/srm/config_list
2020-01-02 15:28:59,982 - SupplierManagement - INFO - 测试通过: 用例编号1; 返回码：200
2020-01-02 15:28:59,982 - SupplierManagement - ERROR - 测试未通过: 用例编号1; 返回参数：{'code': 200, 'msg': '', 'data': {'3': [{'90': '1'}, {'227': '3'}]}}, 预期结果: {'1': [{'84': '集团内'}, {'107': '集团外'}], '2': [{'89': '电子元件'}, {'139': '木制品'}], '3': [{'90': '1'}, {'226': '2'}, {'227': '3'}]}
2020-01-02 15:28:59,982 - SupplierManagement - INFO - ------------------------本条用例执行结束------------------------
2020-01-02 15:29:00,005 - SupplierManagement - INFO - 开始参数保存测试
2020-01-02 15:29:00,005 - SupplierManagement - INFO - 测试接口: http://106.74.152.35:13249/1/srm/config_save
2020-01-02 15:29:00,057 - SupplierManagement - INFO - 测试通过: 用例编号2; 返回码：200
2020-01-02 15:29:00,058 - SupplierManagement - INFO - 测试通过: 用例编号2; 返回参数：{'code': 200, 'msg': '', 'data': True}
2020-01-02 15:29:00,058 - SupplierManagement - INFO - ------------------------本条用例执行结束------------------------
2020-01-02 15:29:00,060 - SupplierManagement - ERROR - ["测试未通过: 用例编号1; 返回参数：{'code': 200, 'msg': '', 'data': {'3': [{'90': '1'}, {'227': '3'}]}}, 预期结果: {'1': [{'84': '集团内'}, {'107': '集团外'}], '2': [{'89': '电子元件'}, {'139': '木制品'}], '3': [{'90': '1'}, {'226': '2'}, {'227': '3'}]}"]
2020-01-02 15:29:15,912 - SupplierManagement - WARNING - 未传入参数
2020-01-02 15:29:15,912 - SupplierManagement - INFO - 开始查询参数列表的正常测试测试
2020-01-02 15:29:15,912 - SupplierManagement - INFO - 测试接口: http://106.74.152.35:13249/1/srm/config_list
2020-01-02 15:29:15,993 - SupplierManagement - INFO - 测试通过: 用例编号1; 返回码：200
2020-01-02 15:29:15,994 - SupplierManagement - ERROR - 测试未通过: 用例编号1; 返回参数：{'code': 200, 'msg': '', 'data': {'3': [{'90': '1'}, {'227': '3'}]}}, 预期结果: {'1': [{'84': '集团内'}, {'107': '集团外'}], '2': [{'89': '电子元件'}, {'139': '木制品'}], '3': [{'90': '1'}, {'226': '2'}, {'227': '3'}]}
2020-01-02 15:29:15,994 - SupplierManagement - INFO - ------------------------本条用例执行结束------------------------
2020-01-02 15:29:16,015 - SupplierManagement - INFO - 开始参数保存测试
2020-01-02 15:29:16,015 - SupplierManagement - INFO - 测试接口: http://106.74.152.35:13249/1/srm/config_save
2020-01-02 15:29:16,067 - SupplierManagement - INFO - 测试通过: 用例编号2; 返回码：200
2020-01-02 15:29:16,067 - SupplierManagement - INFO - 测试通过: 用例编号2; 返回参数：{'code': 200, 'msg': '', 'data': True}
2020-01-02 15:29:16,067 - SupplierManagement - INFO - ------------------------本条用例执行结束------------------------
2020-01-02 15:29:16,068 - SupplierManagement - ERROR - doooo
2020-01-02 15:29:28,521 - SupplierManagement - WARNING - 未传入参数
2020-01-02 15:29:28,521 - SupplierManagement - INFO - 开始查询参数列表的正常测试测试
2020-01-02 15:29:28,521 - SupplierManagement - INFO - 测试接口: http://106.74.152.35:13249/1/srm/config_list
2020-01-02 15:29:28,605 - SupplierManagement - INFO - 测试通过: 用例编号1; 返回码：200
2020-01-02 15:29:28,606 - SupplierManagement - ERROR - 测试未通过: 用例编号1; 返回参数：{'code': 200, 'msg': '', 'data': {'3': [{'90': '1'}, {'227': '3'}]}}, 预期结果: {'1': [{'84': '集团内'}, {'107': '集团外'}], '2': [{'89': '电子元件'}, {'139': '木制品'}], '3': [{'90': '1'}, {'226': '2'}, {'227': '3'}]}
2020-01-02 15:29:28,606 - SupplierManagement - INFO - ------------------------本条用例执行结束------------------------
2020-01-02 15:29:28,628 - SupplierManagement - INFO - 开始参数保存测试
2020-01-02 15:29:28,628 - SupplierManagement - INFO - 测试接口: http://106.74.152.35:13249/1/srm/config_save
2020-01-02 15:29:28,681 - SupplierManagement - INFO - 测试通过: 用例编号2; 返回码：200
2020-01-02 15:29:28,681 - SupplierManagement - INFO - 测试通过: 用例编号2; 返回参数：{'code': 200, 'msg': '', 'data': True}
2020-01-02 15:29:28,681 - SupplierManagement - INFO - ------------------------本条用例执行结束------------------------
2020-01-02 15:29:28,682 - SupplierManagement - ERROR - doooo
2020-01-02 15:29:40,421 - SupplierManagement - WARNING - 未传入参数
2020-01-02 15:29:40,421 - SupplierManagement - INFO - 开始查询参数列表的正常测试测试
2020-01-02 15:29:40,421 - SupplierManagement - INFO - 测试接口: http://106.74.152.35:13249/1/srm/config_list
2020-01-02 15:29:40,539 - SupplierManagement - INFO - 测试通过: 用例编号1; 返回码：200
2020-01-02 15:29:40,540 - SupplierManagement - ERROR - 测试未通过: 用例编号1; 返回参数：{'code': 200, 'msg': '', 'data': {'3': [{'90': '1'}, {'227': '3'}]}}, 预期结果: {'1': [{'84': '集团内'}, {'107': '集团外'}], '2': [{'89': '电子元件'}, {'139': '木制品'}], '3': [{'90': '1'}, {'226': '2'}, {'227': '3'}]}
2020-01-02 15:29:40,540 - SupplierManagement - INFO - ------------------------本条用例执行结束------------------------
2020-01-02 15:29:40,587 - SupplierManagement - INFO - 开始参数保存测试
2020-01-02 15:29:40,587 - SupplierManagement - INFO - 测试接口: http://106.74.152.35:13249/1/srm/config_save
2020-01-02 15:29:40,639 - SupplierManagement - INFO - 测试通过: 用例编号2; 返回码：200
2020-01-02 15:29:40,639 - SupplierManagement - INFO - 测试通过: 用例编号2; 返回参数：{'code': 200, 'msg': '', 'data': True}
2020-01-02 15:29:40,639 - SupplierManagement - INFO - ------------------------本条用例执行结束------------------------
2020-01-02 15:29:40,640 - SupplierManagement - ERROR - doooo
2020-01-02 15:32:45,207 - SupplierManagement - WARNING - 未传入参数
2020-01-02 15:32:45,207 - SupplierManagement - INFO - 开始查询参数列表的正常测试测试
2020-01-02 15:32:45,208 - SupplierManagement - INFO - 测试接口: http://106.74.152.35:13249/1/srm/config_list
2020-01-02 15:32:45,302 - SupplierManagement - INFO - 测试通过: 用例编号1; 返回码：200
2020-01-02 15:32:45,302 - SupplierManagement - ERROR - 测试未通过: 用例编号1; 返回参数：{'code': 200, 'msg': '', 'data': {'3': [{'90': '1'}, {'227': '3'}]}}, 预期结果: {'1': [{'84': '集团内'}, {'107': '集团外'}], '2': [{'89': '电子元件'}, {'139': '木制品'}], '3': [{'90': '1'}, {'226': '2'}, {'227': '3'}]}
2020-01-02 15:32:45,302 - SupplierManagement - INFO - ------------------------本条用例执行结束------------------------
2020-01-02 15:32:45,327 - SupplierManagement - INFO - 开始参数保存测试
2020-01-02 15:32:45,327 - SupplierManagement - INFO - 测试接口: http://106.74.152.35:13249/1/srm/config_save
2020-01-02 15:32:45,386 - SupplierManagement - INFO - 测试通过: 用例编号2; 返回码：200
2020-01-02 15:32:45,386 - SupplierManagement - INFO - 测试通过: 用例编号2; 返回参数：{'code': 200, 'msg': '', 'data': True}
2020-01-02 15:32:45,386 - SupplierManagement - INFO - ------------------------本条用例执行结束------------------------
2020-01-02 15:32:45,388 - SupplierManagement - ERROR - doooo
2020-01-02 15:32:48,615 - SupplierManagement - WARNING - 未传入参数
2020-01-02 15:32:48,615 - SupplierManagement - INFO - 开始查询参数列表的正常测试测试
2020-01-02 15:32:48,615 - SupplierManagement - INFO - 测试接口: http://106.74.152.35:13249/1/srm/config_list
2020-01-02 15:32:48,705 - SupplierManagement - INFO - 测试通过: 用例编号1; 返回码：200
2020-01-02 15:32:48,706 - SupplierManagement - ERROR - 测试未通过: 用例编号1; 返回参数：{'code': 200, 'msg': '', 'data': {'3': [{'90': '1'}, {'227': '3'}]}}, 预期结果: {'1': [{'84': '集团内'}, {'107': '集团外'}], '2': [{'89': '电子元件'}, {'139': '木制品'}], '3': [{'90': '1'}, {'226': '2'}, {'227': '3'}]}
2020-01-02 15:32:48,706 - SupplierManagement - INFO - ------------------------本条用例执行结束------------------------
2020-01-02 15:32:48,752 - SupplierManagement - INFO - 开始参数保存测试
2020-01-02 15:32:48,752 - SupplierManagement - INFO - 测试接口: http://106.74.152.35:13249/1/srm/config_save
2020-01-02 15:32:48,807 - SupplierManagement - INFO - 测试通过: 用例编号2; 返回码：200
2020-01-02 15:32:48,807 - SupplierManagement - INFO - 测试通过: 用例编号2; 返回参数：{'code': 200, 'msg': '', 'data': True}
2020-01-02 15:32:48,807 - SupplierManagement - INFO - ------------------------本条用例执行结束------------------------
2020-01-02 15:32:48,808 - SupplierManagement - ERROR - doooo
2020-01-02 15:34:34,998 - SupplierManagement - WARNING - 未传入参数
2020-01-02 15:34:34,998 - SupplierManagement - INFO - 开始查询参数列表的正常测试测试
2020-01-02 15:34:34,998 - SupplierManagement - INFO - 测试接口: http://106.74.152.35:13249/1/srm/config_list
2020-01-02 15:34:35,092 - SupplierManagement - INFO - 测试通过: 用例编号1; 返回码：200
2020-01-02 15:34:35,093 - SupplierManagement - ERROR - 测试未通过: 用例编号1; 返回参数：{'code': 200, 'msg': '', 'data': {'3': [{'90': '1'}, {'227': '3'}]}}, 预期结果: {'1': [{'84': '集团内'}, {'107': '集团外'}], '2': [{'89': '电子元件'}, {'139': '木制品'}], '3': [{'90': '1'}, {'226': '2'}, {'227': '3'}]}
2020-01-02 15:34:35,093 - SupplierManagement - INFO - ------------------------本条用例执行结束------------------------
2020-01-02 15:34:35,114 - SupplierManagement - INFO - 开始参数保存测试
2020-01-02 15:34:35,114 - SupplierManagement - INFO - 测试接口: http://106.74.152.35:13249/1/srm/config_save
2020-01-02 15:34:35,171 - SupplierManagement - INFO - 测试通过: 用例编号2; 返回码：200
2020-01-02 15:34:35,171 - SupplierManagement - INFO - 测试通过: 用例编号2; 返回参数：{'code': 200, 'msg': '', 'data': True}
2020-01-02 15:34:35,172 - SupplierManagement - INFO - ------------------------本条用例执行结束------------------------
2020-01-02 15:34:45,019 - SupplierManagement - WARNING - 未传入参数
2020-01-02 15:34:45,020 - SupplierManagement - INFO - 开始查询参数列表的正常测试测试
2020-01-02 15:34:45,020 - SupplierManagement - INFO - 测试接口: http://106.74.152.35:13249/1/srm/config_list
2020-01-02 15:34:45,121 - SupplierManagement - INFO - 测试通过: 用例编号1; 返回码：200
2020-01-02 15:34:45,121 - SupplierManagement - ERROR - 测试未通过: 用例编号1; 返回参数：{'code': 200, 'msg': '', 'data': {'3': [{'90': '1'}, {'227': '3'}]}}, 预期结果: {'1': [{'84': '集团内'}, {'107': '集团外'}], '2': [{'89': '电子元件'}, {'139': '木制品'}], '3': [{'90': '1'}, {'226': '2'}, {'227': '3'}]}
2020-01-02 15:34:45,121 - SupplierManagement - INFO - ------------------------本条用例执行结束------------------------
2020-01-02 15:34:45,142 - SupplierManagement - INFO - 开始参数保存测试
2020-01-02 15:34:45,142 - SupplierManagement - INFO - 测试接口: http://106.74.152.35:13249/1/srm/config_save
2020-01-02 15:34:45,196 - SupplierManagement - INFO - 测试通过: 用例编号2; 返回码：200
2020-01-02 15:34:45,196 - SupplierManagement - INFO - 测试通过: 用例编号2; 返回参数：{'code': 200, 'msg': '', 'data': True}
2020-01-02 15:34:45,196 - SupplierManagement - INFO - ------------------------本条用例执行结束------------------------
2020-01-02 15:35:40,334 - SupplierManagement - WARNING - 未传入参数
2020-01-02 15:35:40,334 - SupplierManagement - INFO - 开始查询参数列表的正常测试测试
2020-01-02 15:35:40,334 - SupplierManagement - INFO - 测试接口: http://106.74.152.35:13249/1/srm/config_list
2020-01-02 15:35:40,425 - SupplierManagement - INFO - 测试通过: 用例编号1; 返回码：200
2020-01-02 15:35:40,425 - SupplierManagement - ERROR - 测试未通过: 用例编号1; 返回参数：{'code': 200, 'msg': '', 'data': {'3': [{'90': '1'}, {'227': '3'}]}}, 预期结果: {'1': [{'84': '集团内'}, {'107': '集团外'}], '2': [{'89': '电子元件'}, {'139': '木制品'}], '3': [{'90': '1'}, {'226': '2'}, {'227': '3'}]}
2020-01-02 15:35:40,425 - SupplierManagement - INFO - ------------------------本条用例执行结束------------------------
2020-01-02 15:35:40,445 - SupplierManagement - INFO - 开始参数保存测试
2020-01-02 15:35:40,445 - SupplierManagement - INFO - 测试接口: http://106.74.152.35:13249/1/srm/config_save
2020-01-02 15:35:40,498 - SupplierManagement - INFO - 测试通过: 用例编号2; 返回码：200
2020-01-02 15:35:40,499 - SupplierManagement - INFO - 测试通过: 用例编号2; 返回参数：{'code': 200, 'msg': '', 'data': True}
2020-01-02 15:35:40,499 - SupplierManagement - INFO - ------------------------本条用例执行结束------------------------
2020-01-02 15:36:41,070 - SupplierManagement - WARNING - 未传入参数
2020-01-02 15:36:41,070 - SupplierManagement - INFO - 开始查询参数列表的正常测试测试
2020-01-02 15:36:41,070 - SupplierManagement - INFO - 测试接口: http://106.74.152.35:13249/1/srm/config_list
2020-01-02 15:36:41,155 - SupplierManagement - INFO - 测试通过: 用例编号1; 返回码：200
2020-01-02 15:36:41,156 - SupplierManagement - ERROR - 测试未通过: 用例编号1; 返回参数：{'code': 200, 'msg': '', 'data': {'3': [{'90': '1'}, {'227': '3'}]}}, 预期结果: {'1': [{'84': '集团内'}, {'107': '集团外'}], '2': [{'89': '电子元件'}, {'139': '木制品'}], '3': [{'90': '1'}, {'226': '2'}, {'227': '3'}]}
2020-01-02 15:36:41,156 - SupplierManagement - INFO - ------------------------本条用例执行结束------------------------
2020-01-02 15:36:41,177 - SupplierManagement - INFO - 开始参数保存测试
2020-01-02 15:36:41,177 - SupplierManagement - INFO - 测试接口: http://106.74.152.35:13249/1/srm/config_save
2020-01-02 15:36:41,226 - SupplierManagement - INFO - 测试通过: 用例编号2; 返回码：200
2020-01-02 15:36:41,227 - SupplierManagement - INFO - 测试通过: 用例编号2; 返回参数：{'code': 200, 'msg': '', 'data': True}
2020-01-02 15:36:41,227 - SupplierManagement - INFO - ------------------------本条用例执行结束------------------------
2020-01-02 15:36:51,316 - SupplierManagement - WARNING - 未传入参数
2020-01-02 15:36:51,317 - SupplierManagement - INFO - 开始查询参数列表的正常测试测试
2020-01-02 15:36:51,317 - SupplierManagement - INFO - 测试接口: http://106.74.152.35:13249/1/srm/config_list
2020-01-02 15:36:51,398 - SupplierManagement - INFO - 测试通过: 用例编号1; 返回码：200
2020-01-02 15:36:51,398 - SupplierManagement - ERROR - 测试未通过: 用例编号1; 返回参数：{'code': 200, 'msg': '', 'data': {'3': [{'90': '1'}, {'227': '3'}]}}, 预期结果: {'1': [{'84': '集团内'}, {'107': '集团外'}], '2': [{'89': '电子元件'}, {'139': '木制品'}], '3': [{'90': '1'}, {'226': '2'}, {'227': '3'}]}
2020-01-02 15:36:51,398 - SupplierManagement - INFO - ------------------------本条用例执行结束------------------------
2020-01-02 15:36:51,419 - SupplierManagement - INFO - 开始参数保存测试
2020-01-02 15:36:51,419 - SupplierManagement - INFO - 测试接口: http://106.74.152.35:13249/1/srm/config_save
2020-01-02 15:36:51,473 - SupplierManagement - INFO - 测试通过: 用例编号2; 返回码：200
2020-01-02 15:36:51,473 - SupplierManagement - INFO - 测试通过: 用例编号2; 返回参数：{'code': 200, 'msg': '', 'data': True}
2020-01-02 15:36:51,473 - SupplierManagement - INFO - ------------------------本条用例执行结束------------------------
2020-01-02 15:38:00,379 - SupplierManagement - WARNING - 未传入参数
2020-01-02 15:38:00,379 - SupplierManagement - INFO - 开始查询参数列表的正常测试测试
2020-01-02 15:38:00,379 - SupplierManagement - INFO - 测试接口: http://106.74.152.35:13249/1/srm/config_list
2020-01-02 15:38:00,469 - SupplierManagement - INFO - 测试通过: 用例编号1; 返回码：200
2020-01-02 15:38:00,469 - SupplierManagement - ERROR - 测试未通过: 用例编号1; 返回参数：{'code': 200, 'msg': '', 'data': {'3': [{'90': '1'}, {'227': '3'}]}}, 预期结果: {'1': [{'84': '集团内'}, {'107': '集团外'}], '2': [{'89': '电子元件'}, {'139': '木制品'}], '3': [{'90': '1'}, {'226': '2'}, {'227': '3'}]}
2020-01-02 15:38:00,469 - SupplierManagement - INFO - ------------------------本条用例执行结束------------------------
2020-01-02 15:38:00,500 - SupplierManagement - INFO - 开始参数保存测试
2020-01-02 15:38:00,500 - SupplierManagement - INFO - 测试接口: http://106.74.152.35:13249/1/srm/config_save
2020-01-02 15:38:00,561 - SupplierManagement - INFO - 测试通过: 用例编号2; 返回码：200
2020-01-02 15:38:00,561 - SupplierManagement - INFO - 测试通过: 用例编号2; 返回参数：{'code': 200, 'msg': '', 'data': True}
2020-01-02 15:38:00,561 - SupplierManagement - INFO - ------------------------本条用例执行结束------------------------
2020-01-02 15:38:41,617 - SupplierManagement - WARNING - 未传入参数
2020-01-02 15:38:41,618 - SupplierManagement - INFO - 开始查询参数列表的正常测试测试
2020-01-02 15:38:41,618 - SupplierManagement - INFO - 测试接口: http://106.74.152.35:13249/1/srm/config_list
2020-01-02 15:38:41,711 - SupplierManagement - INFO - 测试通过: 用例编号1; 返回码：200
2020-01-02 15:38:41,712 - SupplierManagement - ERROR - 测试未通过: 用例编号1; 返回参数：{'code': 200, 'msg': '', 'data': {'3': [{'90': '1'}, {'227': '3'}]}}, 预期结果: {'1': [{'84': '集团内'}, {'107': '集团外'}], '2': [{'89': '电子元件'}, {'139': '木制品'}], '3': [{'90': '1'}, {'226': '2'}, {'227': '3'}]}
2020-01-02 15:38:41,712 - SupplierManagement - INFO - ------------------------本条用例执行结束------------------------
2020-01-02 15:38:41,733 - SupplierManagement - INFO - 开始参数保存测试
2020-01-02 15:38:41,733 - SupplierManagement - INFO - 测试接口: http://106.74.152.35:13249/1/srm/config_save
2020-01-02 15:38:41,794 - SupplierManagement - INFO - 测试通过: 用例编号2; 返回码：200
2020-01-02 15:38:41,794 - SupplierManagement - INFO - 测试通过: 用例编号2; 返回参数：{'code': 200, 'msg': '', 'data': True}
2020-01-02 15:38:41,794 - SupplierManagement - INFO - ------------------------本条用例执行结束------------------------
2020-01-02 15:38:54,133 - SupplierManagement - WARNING - 未传入参数
2020-01-02 15:38:54,133 - SupplierManagement - INFO - 开始查询参数列表的正常测试测试
2020-01-02 15:38:54,134 - SupplierManagement - INFO - 测试接口: http://106.74.152.35:13249/1/srm/config_list
2020-01-02 15:38:54,209 - SupplierManagement - ERROR - 测试未通过: 用例编号1; 返回码：200, 预期结果: 688
2020-01-02 15:38:54,210 - SupplierManagement - ERROR - 测试未通过: 用例编号1; 返回参数：{'code': 200, 'msg': '', 'data': {'3': [{'90': '1'}, {'227': '3'}]}}, 预期结果: {'1': [{'84': '集团内'}, {'107': '集团外'}], '2': [{'89': '电子元件'}, {'139': '木制品'}], '3': [{'90': '1'}, {'226': '2'}, {'227': '3'}]}
2020-01-02 15:38:54,210 - SupplierManagement - INFO - ------------------------本条用例执行结束------------------------
2020-01-02 15:38:54,233 - SupplierManagement - INFO - 开始参数保存测试
2020-01-02 15:38:54,233 - SupplierManagement - INFO - 测试接口: http://106.74.152.35:13249/1/srm/config_save
2020-01-02 15:38:54,290 - SupplierManagement - ERROR - 测试未通过: 用例编号2; 返回码：200, 预期结果: 688
2020-01-02 15:38:54,290 - SupplierManagement - INFO - 测试通过: 用例编号2; 返回参数：{'code': 200, 'msg': '', 'data': True}
2020-01-02 15:38:54,290 - SupplierManagement - INFO - ------------------------本条用例执行结束------------------------
2020-01-02 15:41:17,331 - SupplierManagement - WARNING - 未传入参数
2020-01-02 15:41:17,331 - SupplierManagement - INFO - 开始查询参数列表的正常测试测试
2020-01-02 15:41:17,332 - SupplierManagement - INFO - 测试接口: http://106.74.152.35:13249/1/srm/config_list
2020-01-02 15:41:17,423 - SupplierManagement - INFO - 测试通过: 用例编号1; 返回码：200
2020-01-02 15:41:17,424 - SupplierManagement - ERROR - 测试未通过: 用例编号1; 返回参数：{'code': 200, 'msg': '', 'data': {'3': [{'90': '1'}, {'227': '3'}]}}, 预期结果: {'1': [{'84': '集团内'}, {'107': '集团外'}], '2': [{'89': '电子元件'}, {'139': '木制品'}], '3': [{'90': '1'}, {'226': '2'}, {'227': '3'}]}
2020-01-02 15:41:17,426 - SupplierManagement - INFO - ------------------------本条用例执行结束------------------------
2020-01-02 15:41:17,472 - SupplierManagement - INFO - 开始参数保存测试
2020-01-02 15:41:17,472 - SupplierManagement - INFO - 测试接口: http://106.74.152.35:13249/1/srm/config_save
2020-01-02 15:41:17,526 - SupplierManagement - INFO - 测试通过: 用例编号2; 返回码：200
2020-01-02 15:41:17,526 - SupplierManagement - INFO - 测试通过: 用例编号2; 返回参数：{'code': 200, 'msg': '', 'data': True}
2020-01-02 15:41:17,526 - SupplierManagement - INFO - ------------------------本条用例执行结束------------------------
2020-01-02 15:41:52,411 - SupplierManagement - WARNING - 未传入参数
2020-01-02 15:41:52,412 - SupplierManagement - INFO - 开始查询参数列表的正常测试测试
2020-01-02 15:41:52,412 - SupplierManagement - INFO - 测试接口: http://106.74.152.35:13249/1/srm/config_list
2020-01-02 15:41:52,507 - SupplierManagement - INFO - 测试通过: 用例编号1; 返回码：200
2020-01-02 15:41:52,508 - SupplierManagement - ERROR - 测试未通过: 用例编号1; 返回参数：{'code': 200, 'msg': '', 'data': {'3': [{'90': '1'}, {'227': '3'}]}}, 预期结果: {'1': [{'84': '集团内'}, {'107': '集团外'}], '2': [{'89': '电子元件'}, {'139': '木制品'}], '3': [{'90': '1'}, {'226': '2'}, {'227': '3'}]}
2020-01-02 15:41:52,509 - SupplierManagement - INFO - ------------------------本条用例执行结束------------------------
2020-01-02 15:41:52,555 - SupplierManagement - INFO - 开始参数保存测试
2020-01-02 15:41:52,555 - SupplierManagement - INFO - 测试接口: http://106.74.152.35:13249/1/srm/config_save
2020-01-02 15:41:52,615 - SupplierManagement - INFO - 测试通过: 用例编号2; 返回码：200
2020-01-02 15:41:52,615 - SupplierManagement - INFO - 测试通过: 用例编号2; 返回参数：{'code': 200, 'msg': '', 'data': True}
2020-01-02 15:41:52,615 - SupplierManagement - INFO - ------------------------本条用例执行结束------------------------
